1633384772982	geckodriver	INFO	Listening on 127.0.0.1:37389
1633384774042	mozrunner::runner	INFO	Running command: "/usr/bin/firefox" "--marionette" "-headless" "-foreground" "-no-remote" "-profile" "/tmp/rust_mozprofilesm2xci"
*** You are running in headless mode.
[GFX1-]: glxtest: libpci missing
[GFX1-]: No GPUs detected via PCI
1633384779167	Marionette	INFO	Marionette enabled
[GFX1-]: RenderCompositorSWGL failed mapping default framebuffer, no dt
[GFX1-]: RenderCompositorSWGL failed mapping default framebuffer, no dt
console.warn: SearchSettings: "get: No settings file exists, new profile?" (new NotFoundError("Could not open the file at /tmp/rust_mozprofilesm2xci/search.json.mozlz4", (void 0)))
[GFX1-]: RenderCompositorSWGL failed mapping default framebuffer, no dt
[GFX1-]: RenderCompositorSWGL failed mapping default framebuffer, no dt
[GFX1-]: RenderCompositorSWGL failed mapping default framebuffer, no dt
[GFX1-]: RenderCompositorSWGL failed mapping default framebuffer, no dt
[GFX1-]: RenderCompositorSWGL failed mapping default framebuffer, no dt
[GFX1-]: RenderCompositorSWGL failed mapping default framebuffer, no dt
[GFX1-]: RenderCompositorSWGL failed mapping default framebuffer, no dt
[GFX1-]: RenderCompositorSWGL failed mapping default framebuffer, no dt
[GFX1-]: RenderCompositorSWGL failed mapping default framebuffer, no dt
1633384786023	Marionette	INFO	Listening on port 34781
[GFX1-]: RenderCompositorSWGL failed mapping default framebuffer, no dt
[GFX1-]: RenderCompositorSWGL failed mapping default framebuffer, no dt
1633384786176	Marionette	WARN	TLS certificate errors will be ignored for this session
[GFX1-]: RenderCompositorSWGL failed mapping default framebuffer, no dt
console.log: WebExtensions: reset-default-search: starting.
console.log: WebExtensions: reset-default-search: No addons in our list are installed.
1633386119045	geckodriver	INFO	Listening on 127.0.0.1:33353
1633386119582	geckodriver	INFO	Listening on 127.0.0.1:38219
1633386120055	geckodriver	INFO	Listening on 127.0.0.1:52235
1633386120060	mozrunner::runner	INFO	Running command: "/usr/bin/firefox" "--marionette" "-headless" "-foreground" "-no-remote" "-profile" "/tmp/rust_mozprofilen9AVr7"
1633386120062	mozrunner::runner	INFO	Running command: "/usr/bin/firefox" "--marionette" "-headless" "-foreground" "-no-remote" "-profile" "/tmp/rust_mozprofileHQIo8z"
*** You are running in headless mode.
*** You are running in headless mode.
1633386120658	mozrunner::runner	INFO	Running command: "/usr/bin/firefox" "--marionette" "-headless" "-foreground" "-no-remote" "-profile" "/tmp/rust_mozprofileT14jrL"
*** You are running in headless mode.
1633386123054	geckodriver	INFO	Listening on 127.0.0.1:58797
1633386123136	mozrunner::runner	INFO	Running command: "/usr/bin/firefox" "--marionette" "-headless" "-foreground" "-no-remote" "-profile" "/tmp/rust_mozprofilePYMuM3"
1633386123648	geckodriver	INFO	Listening on 127.0.0.1:42539
*** You are running in headless mode.
1633386123768	mozrunner::runner	INFO	Running command: "/usr/bin/firefox" "--marionette" "-headless" "-foreground" "-no-remote" "-profile" "/tmp/rust_mozprofileS3RdkH"
*** You are running in headless mode.
[GFX1-]: glxtest: libpci missing
[GFX1-]: No GPUs detected via PCI
1633386126558	Marionette	INFO	Marionette enabled
[GFX1-]: glxtest: libpci missing
[GFX1-]: No GPUs detected via PCI
1633386127577	Marionette	INFO	Marionette enabled
[GFX1-]: glxtest: libpci missing
[GFX1-]: No GPUs detected via PCI
1633386129370	Marionette	INFO	Marionette enabled
1633386129560	geckodriver	INFO	Listening on 127.0.0.1:34283
1633386130168	geckodriver	INFO	Listening on 127.0.0.1:41913
1633386131150	mozrunner::runner	INFO	Running command: "/usr/bin/firefox" "--marionette" "-headless" "-foreground" "-no-remote" "-profile" "/tmp/rust_mozprofileeC8LOI"
1633386131345	mozrunner::runner	INFO	Running command: "/usr/bin/firefox" "--marionette" "-headless" "-foreground" "-no-remote" "-profile" "/tmp/rust_mozprofiletH92XC"
[GFX1-]: glxtest: libpci missing
[GFX1-]: No GPUs detected via PCI
1633386131453	geckodriver	INFO	Listening on 127.0.0.1:45229
1633386132055	Marionette	INFO	Marionette enabled
*** You are running in headless mode.
1633386132463	mozrunner::runner	INFO	Running command: "/usr/bin/firefox" "--marionette" "-headless" "-foreground" "-no-remote" "-profile" "/tmp/rust_mozprofilepix1uX"
*** You are running in headless mode.
Exiting due to channel error.
Exiting due to channel error.
Exiting due to channel error.
*** You are running in headless mode.
[GFX1-]: glxtest: libpci missing
[GFX1-]: No GPUs detected via PCI
1633386134967	Marionette	INFO	Marionette enabled
1633386139153	geckodriver	INFO	Listening on 127.0.0.1:41059
1633386139679	mozrunner::runner	INFO	Running command: "/usr/bin/firefox" "--marionette" "-headless" "-foreground" "-no-remote" "-profile" "/tmp/rust_mozprofilebZ4YEq"
*** You are running in headless mode.
Exiting due to channel error.

###!!! [Child][MessageChannel] Error: (msgtype=0xFFF7,name=<unknown IPC msg name>) Channel error: cannot send/recv

Exiting due to channel error.
Exiting due to channel error.
[GFX1-]: glxtest: libpci missing
[GFX1-]: No GPUs detected via PCI
1633386147155	Marionette	INFO	Marionette enabled
[GFX1-]: glxtest: libpci missing
[GFX1-]: No GPUs detected via PCI
[GFX1-]: glxtest: libpci missing
[GFX1-]: No GPUs detected via PCI
1633386149340	Marionette	INFO	Marionette enabled
1633386149346	Marionette	INFO	Marionette enabled
Exiting due to channel error.
[GFX1-]: Receive IPC close with reason=AbnormalShutdown
Exiting due to channel error.
[GFX1-]: glxtest: libpci missing
[GFX1-]: No GPUs detected via PCI
1633386152664	geckodriver	INFO	Listening on 127.0.0.1:44399
1633386153059	Marionette	INFO	Marionette enabled
1633386153134	mozrunner::runner	INFO	Running command: "/usr/bin/firefox" "--marionette" "-headless" "-foreground" "-no-remote" "-profile" "/tmp/rust_mozprofilefKSWyC"
*** You are running in headless mode.
Exiting due to channel error.
Exiting due to channel error.
[GFX1-]: RenderCompositorSWGL failed mapping default framebuffer, no dt
1633386159348	geckodriver	INFO	Listening on 127.0.0.1:44809
Exiting due to channel error.
Exiting due to channel error.
1633386163571	mozrunner::runner	INFO	Running command: "/usr/bin/firefox" "--marionette" "-headless" "-foreground" "-no-remote" "-profile" "/tmp/rust_mozprofile5yc7fl"
1633386163654	geckodriver	INFO	Listening on 127.0.0.1:55253
*** You are running in headless mode.
1633386164944	mozrunner::runner	INFO	Running command: "/usr/bin/firefox" "--marionette" "-headless" "-foreground" "-no-remote" "-profile" "/tmp/rust_mozprofileuOuLdM"
Exiting due to channel error.
Exiting due to channel error.
[GFX1-]: glxtest: libpci missing
[GFX1-]: No GPUs detected via PCI
1633386166850	Marionette	INFO	Marionette enabled
*** You are running in headless mode.
1633386167472	geckodriver	INFO	Listening on 127.0.0.1:45971
1633386168736	geckodriver	INFO	Listening on 127.0.0.1:39189
1633386169500	mozrunner::runner	INFO	Running command: "/usr/bin/firefox" "--marionette" "-headless" "-foreground" "-no-remote" "-profile" "/tmp/rust_mozprofilekUbOlF"
[GFX1-]: RenderCompositorSWGL failed mapping default framebuffer, no dt
*** You are running in headless mode.
Exiting due to channel error.
[GFX1-]: Receive IPC close with reason=AbnormalShutdown
Exiting due to channel error.
[GFX1-]: RenderCompositorSWGL failed mapping default framebuffer, no dt
1633386172871	mozrunner::runner	INFO	Running command: "/usr/bin/firefox" "--marionette" "-headless" "-foreground" "-no-remote" "-profile" "/tmp/rust_mozprofilexE9POS"
*** You are running in headless mode.
1633386173553	geckodriver	INFO	Listening on 127.0.0.1:47465
1633386174645	mozrunner::runner	INFO	Running command: "/usr/bin/firefox" "--marionette" "-headless" "-foreground" "-no-remote" "-profile" "/tmp/rust_mozprofileIMFPIp"
[GFX1-]: RenderCompositorSWGL failed mapping default framebuffer, no dt
Exiting due to channel error.
Exiting due to channel error.
[GFX1-]: RenderCompositorSWGL failed mapping default framebuffer, no dt
*** You are running in headless mode.
1633386177728	geckodriver	INFO	Listening on 127.0.0.1:41051
1633386178177	mozrunner::runner	INFO	Running command: "/usr/bin/firefox" "--marionette" "-headless" "-foreground" "-no-remote" "-profile" "/tmp/rust_mozprofileoay1I7"
*** You are running in headless mode.
[GFX1-]: RenderCompositorSWGL failed mapping default framebuffer, no dt
[GFX1-]: glxtest: libpci missing
[GFX1-]: No GPUs detected via PCI
console.warn: SearchSettings: "get: No settings file exists, new profile?" (new NotFoundError("Could not open the file at /tmp/rust_mozprofilebZ4YEq/search.json.mozlz4", (void 0)))
[GFX1-]: RenderCompositorSWGL failed mapping default framebuffer, no dt
[GFX1-]: RenderCompositorSWGL failed mapping default framebuffer, no dt
1633386180594	Marionette	INFO	Marionette enabled
1633386180755	geckodriver	INFO	Listening on 127.0.0.1:44457
[GFX1-]: RenderCompositorSWGL failed mapping default framebuffer, no dt
[GFX1-]: glxtest: libpci missing
[GFX1-]: No GPUs detected via PCI
1633386181655	geckodriver	INFO	Listening on 127.0.0.1:36007
1633386182297	geckodriver	INFO	Listening on 127.0.0.1:50299
[GFX1-]: glxtest: libpci missing
[GFX1-]: No GPUs detected via PCI
1633386182558	mozrunner::runner	INFO	Running command: "/usr/bin/firefox" "--marionette" "-headless" "-foreground" "-no-remote" "-profile" "/tmp/rust_mozprofileMmd4hq"
1633386182662	mozrunner::runner	INFO	Running command: "/usr/bin/firefox" "--marionette" "-headless" "-foreground" "-no-remote" "-profile" "/tmp/rust_mozprofile2V9QI4"
[GFX1-]: RenderCompositorSWGL failed mapping default framebuffer, no dt
1633386182867	Marionette	INFO	Marionette enabled
1633386183156	Marionette	INFO	Marionette enabled
console.error: Region.jsm: "Error fetching region" (new AbortError("The operation was aborted. ", (void 0), 770))
console.error: Region.jsm: "Failed to fetch region" (new Error("NO_RESULT", "resource://gre/modules/Region.jsm", 419))
Exiting due to channel error.
Exiting due to channel error.
1633386184250	geckodriver	INFO	Listening on 127.0.0.1:55445
*** You are running in headless mode.
*** You are running in headless mode.
1633386185534	mozrunner::runner	INFO	Running command: "/usr/bin/firefox" "--marionette" "-headless" "-foreground" "-no-remote" "-profile" "/tmp/rust_mozprofilefZXvAW"
*** You are running in headless mode.
[GFX1-]: glxtest: libpci missing
[GFX1-]: No GPUs detected via PCI
[GFX1-]: Receive IPC close with reason=AbnormalShutdown
Exiting due to channel error.
1633386190052	Marionette	INFO	Marionette enabled

###!!! [Child][MessageChannel] Error: (msgtype=0xFFF7,name=<unknown IPC msg name>) Channel error: cannot send/recv

1633386191363	mozrunner::runner	INFO	Running command: "/usr/bin/firefox" "--marionette" "-headless" "-foreground" "-no-remote" "-profile" "/tmp/rust_mozprofile9NbAXe"
1633386191452	geckodriver	INFO	Listening on 127.0.0.1:33015
[GFX1-]: glxtest: libpci missing
[GFX1-]: No GPUs detected via PCI
1633386192264	geckodriver	INFO	Listening on 127.0.0.1:56019
1633386192388	geckodriver	INFO	Listening on 127.0.0.1:60999
1633386192457	Marionette	INFO	Marionette enabled
*** You are running in headless mode.
1633386192734	mozrunner::runner	INFO	Running command: "/usr/bin/firefox" "--marionette" "-headless" "-foreground" "-no-remote" "-profile" "/tmp/rust_mozprofile3WR1V1"
1633386193243	mozrunner::runner	INFO	Running command: "/usr/bin/firefox" "--marionette" "-headless" "-foreground" "-no-remote" "-profile" "/tmp/rust_mozprofile6BdcxJ"
*** You are running in headless mode.
*** You are running in headless mode.
[GFX1-]: glxtest: libpci missing
[GFX1-]: No GPUs detected via PCI
1633386199344	Marionette	INFO	Marionette enabled
[GFX1-]: glxtest: libpci missing
[GFX1-]: No GPUs detected via PCI
1633386200677	mozrunner::runner	INFO	Running command: "/usr/bin/firefox" "--marionette" "-headless" "-foreground" "-no-remote" "-profile" "/tmp/rust_mozprofileT9CJHC"
1633386201293	Marionette	INFO	Marionette enabled
*** You are running in headless mode.

###!!! [Child][MessageChannel] Error: (msgtype=0xFFF7,name=<unknown IPC msg name>) Channel error: cannot send/recv

[GFX1-]: glxtest: libpci missing
[GFX1-]: No GPUs detected via PCI
[GFX1-]: glxtest: libpci missing
[GFX1-]: No GPUs detected via PCI
1633386204758	Marionette	INFO	Marionette enabled
1633386205677	Marionette	INFO	Marionette enabled
1633386205964	geckodriver	INFO	Listening on 127.0.0.1:35079
1633386206651	mozrunner::runner	INFO	Running command: "/usr/bin/firefox" "--marionette" "-headless" "-foreground" "-no-remote" "-profile" "/tmp/rust_mozprofileBGXjVG"
*** You are running in headless mode.
[GFX1-]: glxtest: libpci missing
[GFX1-]: No GPUs detected via PCI
[GFX1-]: glxtest: libpci missing
[GFX1-]: No GPUs detected via PCI
1633386211742	Marionette	INFO	Marionette enabled
1633386211848	Marionette	INFO	Marionette enabled
1633386214951	geckodriver	INFO	Listening on 127.0.0.1:59395
[GFX1-]: glxtest: libpci missing
[GFX1-]: No GPUs detected via PCI
1633386216171	Marionette	INFO	Marionette enabled
[GFX1-]: glxtest: libpci missing
[GFX1-]: No GPUs detected via PCI
1633386217343	Marionette	INFO	Marionette enabled
1633386219867	geckodriver	INFO	Listening on 127.0.0.1:56703
Exiting due to channel error.
[GFX1-]: glxtest: libpci missing
[GFX1-]: No GPUs detected via PCI
1633386222344	mozrunner::runner	INFO	Running command: "/usr/bin/firefox" "--marionette" "-headless" "-foreground" "-no-remote" "-profile" "/tmp/rust_mozprofilegpmOVw"
1633386222641	mozrunner::runner	INFO	Running command: "/usr/bin/firefox" "--marionette" "-headless" "-foreground" "-no-remote" "-profile" "/tmp/rust_mozprofileav1tnY"
1633386222652	Marionette	INFO	Marionette enabled
*** You are running in headless mode.
1633386223949	geckodriver	INFO	Listening on 127.0.0.1:39159

###!!! [Child][MessageChannel] Error: (msgtype=0x360039,name=PCompositorBridge::Msg_PWebRenderBridgeConstructor) Channel error: cannot send/recv

Exiting due to channel error.
*** You are running in headless mode.
Exiting due to channel error.
Exiting due to channel error.
1633386231101	mozrunner::runner	INFO	Running command: "/usr/bin/firefox" "--marionette" "-headless" "-foreground" "-no-remote" "-profile" "/tmp/rust_mozprofileRupojU"
1633386231309	geckodriver	INFO	Listening on 127.0.0.1:60251
1633386231674	geckodriver	INFO	Listening on 127.0.0.1:60351
*** You are running in headless mode.
Exiting due to channel error.
Exiting due to channel error.
1633386233058	geckodriver	INFO	Listening on 127.0.0.1:41167
1633386233762	mozrunner::runner	INFO	Running command: "/usr/bin/firefox" "--marionette" "-headless" "-foreground" "-no-remote" "-profile" "/tmp/rust_mozprofileF5Ee7u"
1633386234755	mozrunner::runner	INFO	Running command: "/usr/bin/firefox" "--marionette" "-headless" "-foreground" "-no-remote" "-profile" "/tmp/rust_mozprofile4KnzJI"
[GFX1-]: glxtest: libpci missing
[GFX1-]: No GPUs detected via PCI
*** You are running in headless mode.
1633386235942	Marionette	INFO	Marionette enabled
*** You are running in headless mode.
[GFX1-]: glxtest: libpci missing
[GFX1-]: No GPUs detected via PCI
1633386236965	geckodriver	INFO	Listening on 127.0.0.1:40711
1633386237134	mozrunner::runner	INFO	Running command: "/usr/bin/firefox" "--marionette" "-headless" "-foreground" "-no-remote" "-profile" "/tmp/rust_mozprofilepnXzd6"
Exiting due to channel error.
Exiting due to channel error.
*** You are running in headless mode.
1633386238689	Marionette	INFO	Marionette enabled
1633386239354	geckodriver	INFO	Listening on 127.0.0.1:48933
1633386240935	mozrunner::runner	INFO	Running command: "/usr/bin/firefox" "--marionette" "-headless" "-foreground" "-no-remote" "-profile" "/tmp/rust_mozprofileKjBZy8"
1633386240944	mozrunner::runner	INFO	Running command: "/usr/bin/firefox" "--marionette" "-headless" "-foreground" "-no-remote" "-profile" "/tmp/rust_mozprofilerc8xqC"
*** You are running in headless mode.
*** You are running in headless mode.
Exiting due to channel error.
1633386243065	geckodriver	INFO	Listening on 127.0.0.1:39395
1633386243264	geckodriver	INFO	Listening on 127.0.0.1:60117
1633386243453	geckodriver	INFO	Listening on 127.0.0.1:53563
1633386245444	mozrunner::runner	INFO	Running command: "/usr/bin/firefox" "--marionette" "-headless" "-foreground" "-no-remote" "-profile" "/tmp/rust_mozprofilecAk3tp"
1633386245754	mozrunner::runner	INFO	Running command: "/usr/bin/firefox" "--marionette" "-headless" "-foreground" "-no-remote" "-profile" "/tmp/rust_mozprofile1mQXoz"
1633386246299	mozrunner::runner	INFO	Running command: "/usr/bin/firefox" "--marionette" "-headless" "-foreground" "-no-remote" "-profile" "/tmp/rust_mozprofilecv239q"
*** You are running in headless mode.
[GFX1-]: Receive IPC close with reason=AbnormalShutdown
Exiting due to channel error.
Exiting due to channel error.
*** You are running in headless mode.
*** You are running in headless mode.
[GFX1-]: glxtest: libpci missing
[GFX1-]: No GPUs detected via PCI
1633386252787	Marionette	INFO	Marionette enabled
[GFX1-]: glxtest: libpci missing
[GFX1-]: No GPUs detected via PCI
[GFX1-]: glxtest: libpci missing
[GFX1-]: No GPUs detected via PCI
1633386253706	Marionette	INFO	Marionette enabled
1633386255143	Marionette	INFO	Marionette enabled
[GFX1-]: glxtest: libpci missing
[GFX1-]: No GPUs detected via PCI
[GFX1-]: glxtest: libpci missing
[GFX1-]: No GPUs detected via PCI
1633386258041	Marionette	INFO	Marionette enabled
1633386258470	Marionette	INFO	Marionette enabled
[GFX1-]: glxtest: libpci missing
[GFX1-]: No GPUs detected via PCI
[GFX1-]: glxtest: libpci missing
[GFX1-]: No GPUs detected via PCI
[GFX1-]: glxtest: libpci missing
[GFX1-]: No GPUs detected via PCI
1633386263092	Marionette	INFO	Marionette enabled
1633386263150	Marionette	INFO	Marionette enabled
[GFX1-]: glxtest: libpci missing
[GFX1-]: No GPUs detected via PCI
1633386263565	Marionette	INFO	Marionette enabled
1633386263768	Marionette	INFO	Marionette enabled
1633386266784	geckodriver	INFO	Listening on 127.0.0.1:37857
1633386267017	geckodriver	INFO	Listening on 127.0.0.1:54249
1633386267328	mozrunner::runner	INFO	Running command: "/usr/bin/firefox" "--marionette" "-headless" "-foreground" "-no-remote" "-profile" "/tmp/rust_mozprofileWwpJWc"
*** You are running in headless mode.
1633386269555	geckodriver	INFO	Listening on 127.0.0.1:49019
1633386270750	mozrunner::runner	INFO	Running command: "/usr/bin/firefox" "--marionette" "-headless" "-foreground" "-no-remote" "-profile" "/tmp/rust_mozprofileWS3v9O"
1633386271448	geckodriver	INFO	Listening on 127.0.0.1:45195
Exiting due to channel error.
1633386272050	mozrunner::runner	INFO	Running command: "/usr/bin/firefox" "--marionette" "-headless" "-foreground" "-no-remote" "-profile" "/tmp/rust_mozprofileUEqkQ9"
1633386272061	geckodriver	INFO	Listening on 127.0.0.1:33395
*** You are running in headless mode.
1633386272842	mozrunner::runner	INFO	Running command: "/usr/bin/firefox" "--marionette" "-headless" "-foreground" "-no-remote" "-profile" "/tmp/rust_mozprofileNKDkuD"
*** You are running in headless mode.
*** You are running in headless mode.
1633386276186	mozrunner::runner	INFO	Running command: "/usr/bin/firefox" "--marionette" "-headless" "-foreground" "-no-remote" "-profile" "/tmp/rust_mozprofilenFpsuX"
[GFX1-]: glxtest: libpci missing
[GFX1-]: No GPUs detected via PCI
*** You are running in headless mode.
1633386278879	Marionette	INFO	Marionette enabled

###!!! [Child][MessageChannel] Error: (msgtype=0xFFF7,name=<unknown IPC msg name>) Channel error: cannot send/recv

1633386281152	geckodriver	INFO	Listening on 127.0.0.1:47789
1633386281346	geckodriver	INFO	Listening on 127.0.0.1:32831
1633386281698	geckodriver	INFO	Listening on 127.0.0.1:33969
Exiting due to channel error.
1633386283365	mozrunner::runner	INFO	Running command: "/usr/bin/firefox" "--marionette" "-headless" "-foreground" "-no-remote" "-profile" "/tmp/rust_mozprofile6Sx3ws"
1633386283554	geckodriver	INFO	Listening on 127.0.0.1:56331
1633386283849	mozrunner::runner	INFO	Running command: "/usr/bin/firefox" "--marionette" "-headless" "-foreground" "-no-remote" "-profile" "/tmp/rust_mozprofileXmMGSe"
1633386283938	mozrunner::runner	INFO	Running command: "/usr/bin/firefox" "--marionette" "-headless" "-foreground" "-no-remote" "-profile" "/tmp/rust_mozprofilew5JfEu"
*** You are running in headless mode.
*** You are running in headless mode.
*** You are running in headless mode.
1633386285591	mozrunner::runner	INFO	Running command: "/usr/bin/firefox" "--marionette" "-headless" "-foreground" "-no-remote" "-profile" "/tmp/rust_mozprofile4wCrBj"
Exiting due to channel error.
[GFX1-]: glxtest: libpci missing
[GFX1-]: No GPUs detected via PCI
1633386286275	geckodriver	INFO	Listening on 127.0.0.1:43621
*** You are running in headless mode.
1633386287762	Marionette	INFO	Marionette enabled
1633386288666	geckodriver	INFO	Listening on 127.0.0.1:38521
Exiting due to channel error.
Exiting due to channel error.
[GFX1-]: glxtest: libpci missing
[GFX1-]: No GPUs detected via PCI
[GFX1-]: glxtest: libpci missing
[GFX1-]: No GPUs detected via PCI
1633386291268	Marionette	INFO	Marionette enabled
1633386292065	Marionette	INFO	Marionette enabled
1633386292274	mozrunner::runner	INFO	Running command: "/usr/bin/firefox" "--marionette" "-headless" "-foreground" "-no-remote" "-profile" "/tmp/rust_mozprofileedODuv"
*** You are running in headless mode.
[GFX1-]: glxtest: libpci missing
[GFX1-]: No GPUs detected via PCI
1633386293692	Marionette	INFO	Marionette enabled
1633386295480	mozrunner::runner	INFO	Running command: "/usr/bin/firefox" "--marionette" "-headless" "-foreground" "-no-remote" "-profile" "/tmp/rust_mozprofilerpQVWN"
*** You are running in headless mode.
[GFX1-]: glxtest: libpci missing
[GFX1-]: No GPUs detected via PCI
[GFX1-]: glxtest: libpci missing
[GFX1-]: No GPUs detected via PCI
1633386300939	Marionette	INFO	Marionette enabled
1633386301856	Marionette	INFO	Marionette enabled
[GFX1-]: glxtest: libpci missing
[GFX1-]: No GPUs detected via PCI
[GFX1-]: glxtest: libpci missing
[GFX1-]: No GPUs detected via PCI
1633386302940	geckodriver	INFO	Listening on 127.0.0.1:49461
1633386303972	Marionette	INFO	Marionette enabled
1633386304042	Marionette	INFO	Marionette enabled
1633386304938	geckodriver	INFO	Listening on 127.0.0.1:40633
1633386305168	geckodriver	INFO	Listening on 127.0.0.1:39999
1633386305470	mozrunner::runner	INFO	Running command: "/usr/bin/firefox" "--marionette" "-headless" "-foreground" "-no-remote" "-profile" "/tmp/rust_mozprofileYV3S1q"
[GFX1-]: glxtest: libpci missing
[GFX1-]: No GPUs detected via PCI
1633386306343	geckodriver	INFO	Listening on 127.0.0.1:49913
1633386306946	Marionette	INFO	Marionette enabled
*** You are running in headless mode.
1633386307578	geckodriver	INFO	Listening on 127.0.0.1:35567
1633386307651	mozrunner::runner	INFO	Running command: "/usr/bin/firefox" "--marionette" "-headless" "-foreground" "-no-remote" "-profile" "/tmp/rust_mozprofileaikI6x"
1633386307844	mozrunner::runner	INFO	Running command: "/usr/bin/firefox" "--marionette" "-headless" "-foreground" "-no-remote" "-profile" "/tmp/rust_mozprofile68WR3v"
1633386308149	mozrunner::runner	INFO	Running command: "/usr/bin/firefox" "--marionette" "-headless" "-foreground" "-no-remote" "-profile" "/tmp/rust_mozprofileKPOwy3"
1633386308259	mozrunner::runner	INFO	Running command: "/usr/bin/firefox" "--marionette" "-headless" "-foreground" "-no-remote" "-profile" "/tmp/rust_mozprofilebYm6JB"
*** You are running in headless mode.
*** You are running in headless mode.

###!!! [Child][MessageChannel] Error: (msgtype=0xFFF7,name=<unknown IPC msg name>) Channel error: cannot send/recv

*** You are running in headless mode.
[GFX1-]: glxtest: libpci missing
[GFX1-]: No GPUs detected via PCI
*** You are running in headless mode.
1633386311346	geckodriver	INFO	Listening on 127.0.0.1:35075
1633386311548	Marionette	INFO	Marionette enabled
1633386311813	geckodriver	INFO	Listening on 127.0.0.1:42771
1633386312650	mozrunner::runner	INFO	Running command: "/usr/bin/firefox" "--marionette" "-headless" "-foreground" "-no-remote" "-profile" "/tmp/rust_mozprofileUcM7cZ"
1633386312651	mozrunner::runner	INFO	Running command: "/usr/bin/firefox" "--marionette" "-headless" "-foreground" "-no-remote" "-profile" "/tmp/rust_mozprofilef7KH8q"
1633386312935	geckodriver	INFO	Listening on 127.0.0.1:51049
*** You are running in headless mode.
*** You are running in headless mode.
1633386318509	geckodriver	INFO	Listening on 127.0.0.1:43253
1633386320991	mozrunner::runner	INFO	Running command: "/usr/bin/firefox" "--marionette" "-headless" "-foreground" "-no-remote" "-profile" "/tmp/rust_mozprofilezvpRl1"
1633386321400	mozrunner::runner	INFO	Running command: "/usr/bin/firefox" "--marionette" "-headless" "-foreground" "-no-remote" "-profile" "/tmp/rust_mozprofile8E63HP"
1633386321589	geckodriver	INFO	Listening on 127.0.0.1:42731
*** You are running in headless mode.
*** You are running in headless mode.
1633386323985	mozrunner::runner	INFO	Running command: "/usr/bin/firefox" "--marionette" "-headless" "-foreground" "-no-remote" "-profile" "/tmp/rust_mozprofileyCFrtl"
[GFX1-]: glxtest: libpci missing
[GFX1-]: No GPUs detected via PCI
*** You are running in headless mode.
[GFX1-]: glxtest: libpci missing
[GFX1-]: No GPUs detected via PCI
1633386326663	Marionette	INFO	Marionette enabled
1633386327006	Marionette	INFO	Marionette enabled
[GFX1-]: glxtest: libpci missing
[GFX1-]: No GPUs detected via PCI
[GFX1-]: glxtest: libpci missing
[GFX1-]: No GPUs detected via PCI
1633386328902	geckodriver	INFO	Listening on 127.0.0.1:39867
1633386328940	Marionette	INFO	Marionette enabled
1633386330092	geckodriver	INFO	Listening on 127.0.0.1:50685
1633386330550	Marionette	INFO	Marionette enabled
1633386332273	mozrunner::runner	INFO	Running command: "/usr/bin/firefox" "--marionette" "-headless" "-foreground" "-no-remote" "-profile" "/tmp/rust_mozprofiler3w3MD"
[GFX1-]: glxtest: libpci missing
[GFX1-]: No GPUs detected via PCI
1633386332881	mozrunner::runner	INFO	Running command: "/usr/bin/firefox" "--marionette" "-headless" "-foreground" "-no-remote" "-profile" "/tmp/rust_mozprofileega7nv"
*** You are running in headless mode.
[GFX1-]: glxtest: libpci missing
[GFX1-]: No GPUs detected via PCI
1633386334501	Marionette	INFO	Marionette enabled
*** You are running in headless mode.
1633386335567	Marionette	INFO	Marionette enabled
1633386336060	geckodriver	INFO	Listening on 127.0.0.1:49069
1633386336558	geckodriver	INFO	Listening on 127.0.0.1:56399
1633386337048	mozrunner::runner	INFO	Running command: "/usr/bin/firefox" "--marionette" "-headless" "-foreground" "-no-remote" "-profile" "/tmp/rust_mozprofileAre0xk"
1633386337623	mozrunner::runner	INFO	Running command: "/usr/bin/firefox" "--marionette" "-headless" "-foreground" "-no-remote" "-profile" "/tmp/rust_mozprofileAxd0lx"
*** You are running in headless mode.
*** You are running in headless mode.
[GFX1-]: glxtest: libpci missing
[GFX1-]: No GPUs detected via PCI
[GFX1-]: glxtest: libpci missing
[GFX1-]: No GPUs detected via PCI
1633386340136	Marionette	INFO	Marionette enabled
[GFX1-]: glxtest: libpci missing
[GFX1-]: No GPUs detected via PCI
1633386341838	Marionette	INFO	Marionette enabled
1633386343161	Marionette	INFO	Marionette enabled
[GFX1-]: glxtest: libpci missing
[GFX1-]: No GPUs detected via PCI
1633386345644	Marionette	INFO	Marionette enabled
1633386350770	geckodriver	INFO	Listening on 127.0.0.1:51007
[GFX1-]: glxtest: libpci missing
[GFX1-]: No GPUs detected via PCI
1633386352380	Marionette	INFO	Marionette enabled
[GFX1-]: glxtest: libpci missing
[GFX1-]: No GPUs detected via PCI
1633386353375	mozrunner::runner	INFO	Running command: "/usr/bin/firefox" "--marionette" "-headless" "-foreground" "-no-remote" "-profile" "/tmp/rust_mozprofileel7NAX"
[GFX1-]: glxtest: libpci missing
[GFX1-]: No GPUs detected via PCI
*** You are running in headless mode.
1633386354246	Marionette	INFO	Marionette enabled
1633386354540	Marionette	INFO	Marionette enabled
[GFX1-]: glxtest: libpci missing
[GFX1-]: No GPUs detected via PCI
1633386357338	Marionette	INFO	Marionette enabled

###!!! [Child][MessageChannel] Error: (msgtype=0xFFF7,name=<unknown IPC msg name>) Channel error: cannot send/recv

1633386360611	geckodriver	INFO	Listening on 127.0.0.1:60743
1633386360747	geckodriver	INFO	Listening on 127.0.0.1:58493
1633386363013	mozrunner::runner	INFO	Running command: "/usr/bin/firefox" "--marionette" "-headless" "-foreground" "-no-remote" "-profile" "/tmp/rust_mozprofileSJmDU2"
1633386364208	geckodriver	INFO	Listening on 127.0.0.1:46413
Exiting due to channel error.
Exiting due to channel error.
*** You are running in headless mode.
[GFX1-]: glxtest: libpci missing
[GFX1-]: No GPUs detected via PCI
1633386365373	Marionette	INFO	Marionette enabled
1633386366746	geckodriver	INFO	Listening on 127.0.0.1:53697
1633386366746	geckodriver	INFO	Listening on 127.0.0.1:41099
1633386369370	mozrunner::runner	INFO	Running command: "/usr/bin/firefox" "--marionette" "-headless" "-foreground" "-no-remote" "-profile" "/tmp/rust_mozprofileMIC0Bs"
Exiting due to channel error.
1633386370160	mozrunner::runner	INFO	Running command: "/usr/bin/firefox" "--marionette" "-headless" "-foreground" "-no-remote" "-profile" "/tmp/rust_mozprofileY9SttN"

###!!! [Child][MessageChannel] Error: (msgtype=0xFFF7,name=<unknown IPC msg name>) Channel error: cannot send/recv

*** You are running in headless mode.
*** You are running in headless mode.
Exiting due to channel error.
Exiting due to channel error.
1633386375368	mozrunner::runner	INFO	Running command: "/usr/bin/firefox" "--marionette" "-headless" "-foreground" "-no-remote" "-profile" "/tmp/rust_mozprofileg88nBE"
1633386376153	geckodriver	INFO	Listening on 127.0.0.1:57519
1633386376554	geckodriver	INFO	Listening on 127.0.0.1:37295
*** You are running in headless mode.
1633386377498	mozrunner::runner	INFO	Running command: "/usr/bin/firefox" "--marionette" "-headless" "-foreground" "-no-remote" "-profile" "/tmp/rust_mozprofile7g8J0w"
1633386377677	mozrunner::runner	INFO	Running command: "/usr/bin/firefox" "--marionette" "-headless" "-foreground" "-no-remote" "-profile" "/tmp/rust_mozprofileQOSAgX"
1633386449716	geckodriver	INFO	Listening on 127.0.0.1:55839
1633386450750	mozrunner::runner	INFO	Running command: "/usr/bin/firefox" "--marionette" "-headless" "-foreground" "-no-remote" "-profile" "/tmp/rust_mozprofile1WJXPS"
*** You are running in headless mode.
[GFX1-]: glxtest: libpci missing
[GFX1-]: No GPUs detected via PCI
1633386452696	Marionette	INFO	Marionette enabled
[GFX1-]: RenderCompositorSWGL failed mapping default framebuffer, no dt
[GFX1-]: RenderCompositorSWGL failed mapping default framebuffer, no dt
[GFX1-]: RenderCompositorSWGL failed mapping default framebuffer, no dt
console.warn: SearchSettings: "get: No settings file exists, new profile?" (new NotFoundError("Could not open the file at /tmp/rust_mozprofile1WJXPS/search.json.mozlz4", (void 0)))
[GFX1-]: RenderCompositorSWGL failed mapping default framebuffer, no dt
[GFX1-]: RenderCompositorSWGL failed mapping default framebuffer, no dt
[GFX1-]: RenderCompositorSWGL failed mapping default framebuffer, no dt
[GFX1-]: RenderCompositorSWGL failed mapping default framebuffer, no dt
[GFX1-]: RenderCompositorSWGL failed mapping default framebuffer, no dt
[GFX1-]: RenderCompositorSWGL failed mapping default framebuffer, no dt
[GFX1-]: RenderCompositorSWGL failed mapping default framebuffer, no dt
[GFX1-]: RenderCompositorSWGL failed mapping default framebuffer, no dt
1633386459356	Marionette	INFO	Listening on port 41119
[GFX1-]: RenderCompositorSWGL failed mapping default framebuffer, no dt
[GFX1-]: RenderCompositorSWGL failed mapping default framebuffer, no dt
1633386459478	Marionette	WARN	TLS certificate errors will be ignored for this session
[GFX1-]: RenderCompositorSWGL failed mapping default framebuffer, no dt
[GFX1-]: RenderCompositorSWGL failed mapping default framebuffer, no dt
[GFX1-]: RenderCompositorSWGL failed mapping default framebuffer, no dt
[GFX1-]: RenderCompositorSWGL failed mapping default framebuffer, no dt
[GFX1-]: RenderCompositorSWGL failed mapping default framebuffer, no dt
[GFX1-]: RenderCompositorSWGL failed mapping default framebuffer, no dt
[GFX1-]: RenderCompositorSWGL failed mapping default framebuffer, no dt
[GFX1-]: RenderCompositorSWGL failed mapping default framebuffer, no dt
[GFX1-]: RenderCompositorSWGL failed mapping default framebuffer, no dt
[GFX1-]: RenderCompositorSWGL failed mapping default framebuffer, no dt
[GFX1-]: RenderCompositorSWGL failed mapping default framebuffer, no dt
[GFX1-]: RenderCompositorSWGL failed mapping default framebuffer, no dt
[GFX1-]: RenderCompositorSWGL failed mapping default framebuffer, no dt
[GFX1-]: RenderCompositorSWGL failed mapping default framebuffer, no dt
[GFX1-]: RenderCompositorSWGL failed mapping default framebuffer, no dt
[GFX1-]: RenderCompositorSWGL failed mapping default framebuffer, no dt
[GFX1-]: RenderCompositorSWGL failed mapping default framebuffer, no dt
[GFX1-]: RenderCompositorSWGL failed mapping default framebuffer, no dt
[GFX1-]: RenderCompositorSWGL failed mapping default framebuffer, no dt
[GFX1-]: RenderCompositorSWGL failed mapping default framebuffer, no dt
[GFX1-]: RenderCompositorSWGL failed mapping default framebuffer, no dt
[GFX1-]: RenderCompositorSWGL failed mapping default framebuffer, no dt
[GFX1-]: RenderCompositorSWGL failed mapping default framebuffer, no dt
[GFX1-]: RenderCompositorSWGL failed mapping default framebuffer, no dt
[GFX1-]: RenderCompositorSWGL failed mapping default framebuffer, no dt
[GFX1-]: RenderCompositorSWGL failed mapping default framebuffer, no dt
[GFX1-]: RenderCompositorSWGL failed mapping default framebuffer, no dt
[GFX1-]: RenderCompositorSWGL failed mapping default framebuffer, no dt
[GFX1-]: RenderCompositorSWGL failed mapping default framebuffer, no dt
[GFX1-]: RenderCompositorSWGL failed mapping default framebuffer, no dt
[GFX1-]: RenderCompositorSWGL failed mapping default framebuffer, no dt
[GFX1-]: RenderCompositorSWGL failed mapping default framebuffer, no dt
[GFX1-]: RenderCompositorSWGL failed mapping default framebuffer, no dt
[GFX1-]: RenderCompositorSWGL failed mapping default framebuffer, no dt
[GFX1-]: RenderCompositorSWGL failed mapping default framebuffer, no dt
[GFX1-]: RenderCompositorSWGL failed mapping default framebuffer, no dt
[GFX1-]: RenderCompositorSWGL failed mapping default framebuffer, no dt
[GFX1-]: RenderCompositorSWGL failed mapping default framebuffer, no dt
[GFX1-]: RenderCompositorSWGL failed mapping default framebuffer, no dt
[GFX1-]: RenderCompositorSWGL failed mapping default framebuffer, no dt
[GFX1-]: RenderCompositorSWGL failed mapping default framebuffer, no dt
[GFX1-]: RenderCompositorSWGL failed mapping default framebuffer, no dt
[GFX1-]: RenderCompositorSWGL failed mapping default framebuffer, no dt
[GFX1-]: RenderCompositorSWGL failed mapping default framebuffer, no dt
[GFX1-]: RenderCompositorSWGL failed mapping default framebuffer, no dt
[GFX1-]: RenderCompositorSWGL failed mapping default framebuffer, no dt
[GFX1-]: RenderCompositorSWGL failed mapping default framebuffer, no dt
[GFX1-]: RenderCompositorSWGL failed mapping default framebuffer, no dt
[GFX1-]: RenderCompositorSWGL failed mapping default framebuffer, no dt
[GFX1-]: RenderCompositorSWGL failed mapping default framebuffer, no dt
[GFX1-]: RenderCompositorSWGL failed mapping default framebuffer, no dt
[GFX1-]: RenderCompositorSWGL failed mapping default framebuffer, no dt
[GFX1-]: RenderCompositorSWGL failed mapping default framebuffer, no dt
[GFX1-]: RenderCompositorSWGL failed mapping default framebuffer, no dt
[GFX1-]: RenderCompositorSWGL failed mapping default framebuffer, no dt
[GFX1-]: RenderCompositorSWGL failed mapping default framebuffer, no dt
[GFX1-]: RenderCompositorSWGL failed mapping default framebuffer, no dt
[GFX1-]: RenderCompositorSWGL failed mapping default framebuffer, no dt
[GFX1-]: RenderCompositorSWGL failed mapping default framebuffer, no dt
[GFX1-]: RenderCompositorSWGL failed mapping default framebuffer, no dt
[GFX1-]: RenderCompositorSWGL failed mapping default framebuffer, no dt
[GFX1-]: RenderCompositorSWGL failed mapping default framebuffer, no dt
[GFX1-]: RenderCompositorSWGL failed mapping default framebuffer, no dt
[GFX1-]: RenderCompositorSWGL failed mapping default framebuffer, no dt
[GFX1-]: RenderCompositorSWGL failed mapping default framebuffer, no dt
[GFX1-]: RenderCompositorSWGL failed mapping default framebuffer, no dt
[GFX1-]: RenderCompositorSWGL failed mapping default framebuffer, no dt
[GFX1-]: RenderCompositorSWGL failed mapping default framebuffer, no dt
[GFX1-]: RenderCompositorSWGL failed mapping default framebuffer, no dt
[GFX1-]: RenderCompositorSWGL failed mapping default framebuffer, no dt
[GFX1-]: RenderCompositorSWGL failed mapping default framebuffer, no dt
[GFX1-]: RenderCompositorSWGL failed mapping default framebuffer, no dt
[GFX1-]: RenderCompositorSWGL failed mapping default framebuffer, no dt
[GFX1-]: RenderCompositorSWGL failed mapping default framebuffer, no dt
[GFX1-]: RenderCompositorSWGL failed mapping default framebuffer, no dt
[GFX1-]: RenderCompositorSWGL failed mapping default framebuffer, no dt
[GFX1-]: RenderCompositorSWGL failed mapping default framebuffer, no dt
[GFX1-]: RenderCompositorSWGL failed mapping default framebuffer, no dt
[GFX1-]: RenderCompositorSWGL failed mapping default framebuffer, no dt
[GFX1-]: RenderCompositorSWGL failed mapping default framebuffer, no dt
[GFX1-]: RenderCompositorSWGL failed mapping default framebuffer, no dt
[GFX1-]: RenderCompositorSWGL failed mapping default framebuffer, no dt
[GFX1-]: RenderCompositorSWGL failed mapping default framebuffer, no dt
[GFX1-]: RenderCompositorSWGL failed mapping default framebuffer, no dt
[GFX1-]: RenderCompositorSWGL failed mapping default framebuffer, no dt
[GFX1-]: RenderCompositorSWGL failed mapping default framebuffer, no dt
[GFX1-]: RenderCompositorSWGL failed mapping default framebuffer, no dt
[GFX1-]: RenderCompositorSWGL failed mapping default framebuffer, no dt
[GFX1-]: RenderCompositorSWGL failed mapping default framebuffer, no dt
[GFX1-]: RenderCompositorSWGL failed mapping default framebuffer, no dt
[GFX1-]: RenderCompositorSWGL failed mapping default framebuffer, no dt
[GFX1-]: RenderCompositorSWGL failed mapping default framebuffer, no dt
[GFX1-]: RenderCompositorSWGL failed mapping default framebuffer, no dt
[GFX1-]: RenderCompositorSWGL failed mapping default framebuffer, no dt
[GFX1-]: RenderCompositorSWGL failed mapping default framebuffer, no dt
[GFX1-]: RenderCompositorSWGL failed mapping default framebuffer, no dt
[GFX1-]: RenderCompositorSWGL failed mapping default framebuffer, no dt
[GFX1-]: RenderCompositorSWGL failed mapping default framebuffer, no dt
[GFX1-]: RenderCompositorSWGL failed mapping default framebuffer, no dt
[GFX1-]: RenderCompositorSWGL failed mapping default framebuffer, no dt
[GFX1-]: RenderCompositorSWGL failed mapping default framebuffer, no dt
[GFX1-]: RenderCompositorSWGL failed mapping default framebuffer, no dt
[GFX1-]: RenderCompositorSWGL failed mapping default framebuffer, no dt
[GFX1-]: RenderCompositorSWGL failed mapping default framebuffer, no dt
[GFX1-]: RenderCompositorSWGL failed mapping default framebuffer, no dt
[GFX1-]: RenderCompositorSWGL failed mapping default framebuffer, no dt
[GFX1-]: RenderCompositorSWGL failed mapping default framebuffer, no dt
[GFX1-]: RenderCompositorSWGL failed mapping default framebuffer, no dt
[GFX1-]: RenderCompositorSWGL failed mapping default framebuffer, no dt
[GFX1-]: RenderCompositorSWGL failed mapping default framebuffer, no dt
[GFX1-]: RenderCompositorSWGL failed mapping default framebuffer, no dt
[GFX1-]: RenderCompositorSWGL failed mapping default framebuffer, no dt
[GFX1-]: RenderCompositorSWGL failed mapping default framebuffer, no dt
[GFX1-]: RenderCompositorSWGL failed mapping default framebuffer, no dt
[GFX1-]: RenderCompositorSWGL failed mapping default framebuffer, no dt
[GFX1-]: RenderCompositorSWGL failed mapping default framebuffer, no dt
[GFX1-]: RenderCompositorSWGL failed mapping default framebuffer, no dt
[GFX1-]: RenderCompositorSWGL failed mapping default framebuffer, no dt
[GFX1-]: RenderCompositorSWGL failed mapping default framebuffer, no dt
[GFX1-]: RenderCompositorSWGL failed mapping default framebuffer, no dt
[GFX1-]: RenderCompositorSWGL failed mapping default framebuffer, no dt
[GFX1-]: RenderCompositorSWGL failed mapping default framebuffer, no dt
[GFX1-]: RenderCompositorSWGL failed mapping default framebuffer, no dt
[GFX1-]: RenderCompositorSWGL failed mapping default framebuffer, no dt
[GFX1-]: RenderCompositorSWGL failed mapping default framebuffer, no dt
JavaScript warning: https://neoxscans.net/wp-content/litespeed/js/27048c83875f534497ea81c5a8e7c1db.js?ver=f78a5, line 53: unreachable code after return statement
[GFX1-]: RenderCompositorSWGL failed mapping default framebuffer, no dt
[GFX1-]: RenderCompositorSWGL failed mapping default framebuffer, no dt
[GFX1-]: RenderCompositorSWGL failed mapping default framebuffer, no dt
[GFX1-]: RenderCompositorSWGL failed mapping default framebuffer, no dt
[GFX1-]: RenderCompositorSWGL failed mapping default framebuffer, no dt
[GFX1-]: RenderCompositorSWGL failed mapping default framebuffer, no dt
[GFX1-]: RenderCompositorSWGL failed mapping default framebuffer, no dt
[GFX1-]: RenderCompositorSWGL failed mapping default framebuffer, no dt
[GFX1-]: RenderCompositorSWGL failed mapping default framebuffer, no dt
[GFX1-]: RenderCompositorSWGL failed mapping default framebuffer, no dt
[GFX1-]: RenderCompositorSWGL failed mapping default framebuffer, no dt
[GFX1-]: RenderCompositorSWGL failed mapping default framebuffer, no dt
[GFX1-]: RenderCompositorSWGL failed mapping default framebuffer, no dt
[GFX1-]: RenderCompositorSWGL failed mapping default framebuffer, no dt
[GFX1-]: RenderCompositorSWGL failed mapping default framebuffer, no dt
[GFX1-]: RenderCompositorSWGL failed mapping default framebuffer, no dt
[GFX1-]: RenderCompositorSWGL failed mapping default framebuffer, no dt
[GFX1-]: RenderCompositorSWGL failed mapping default framebuffer, no dt
[GFX1-]: RenderCompositorSWGL failed mapping default framebuffer, no dt
[GFX1-]: RenderCompositorSWGL failed mapping default framebuffer, no dt
[GFX1-]: RenderCompositorSWGL failed mapping default framebuffer, no dt
[GFX1-]: RenderCompositorSWGL failed mapping default framebuffer, no dt
[GFX1-]: RenderCompositorSWGL failed mapping default framebuffer, no dt
[GFX1-]: RenderCompositorSWGL failed mapping default framebuffer, no dt
[GFX1-]: RenderCompositorSWGL failed mapping default framebuffer, no dt
[GFX1-]: RenderCompositorSWGL failed mapping default framebuffer, no dt
JavaScript error: https://pagead2.googlesyndication.com/pagead/js/adsbygoogle.js?client=ca-pub-3721870945499336, line 68: uncaught exception: TagError: adsbygoogle.push() error: Only one AdSense head tag supported per page. The second tag is ignored.
[GFX1-]: RenderCompositorSWGL failed mapping default framebuffer, no dt
1633386466367	Marionette	INFO	Stopped listening on port 41119
[GFX1-]: RenderCompositorSWGL failed mapping default framebuffer, no dt
[GFX1-]: RenderCompositorSWGL failed mapping default framebuffer, no dt
[GFX1-]: RenderCompositorSWGL failed mapping default framebuffer, no dt
[GFX1-]: RenderCompositorSWGL failed mapping default framebuffer, no dt
[GFX1-]: RenderCompositorSWGL failed mapping default framebuffer, no dt
[GFX1-]: RenderCompositorSWGL failed mapping default framebuffer, no dt
[GFX1-]: RenderCompositorSWGL failed mapping default framebuffer, no dt
[GFX1-]: RenderCompositorSWGL failed mapping default framebuffer, no dt
[GFX1-]: RenderCompositorSWGL failed mapping default framebuffer, no dt
[GFX1-]: RenderCompositorSWGL failed mapping default framebuffer, no dt
[GFX1-]: RenderCompositorSWGL failed mapping default framebuffer, no dt
[GFX1-]: RenderCompositorSWGL failed mapping default framebuffer, no dt
[GFX1-]: RenderCompositorSWGL failed mapping default framebuffer, no dt
[GFX1-]: RenderCompositorSWGL failed mapping default framebuffer, no dt
[GFX1-]: RenderCompositorSWGL failed mapping default framebuffer, no dt
[GFX1-]: RenderCompositorSWGL failed mapping default framebuffer, no dt
[GFX1-]: RenderCompositorSWGL failed mapping default framebuffer, no dt
[GFX1-]: RenderCompositorSWGL failed mapping default framebuffer, no dt
[GFX1-]: RenderCompositorSWGL failed mapping default framebuffer, no dt
[GFX1-]: RenderCompositorSWGL failed mapping default framebuffer, no dt
[GFX1-]: RenderCompositorSWGL failed mapping default framebuffer, no dt
[GFX1-]: RenderCompositorSWGL failed mapping default framebuffer, no dt
[GFX1-]: RenderCompositorSWGL failed mapping default framebuffer, no dt
JavaScript error: resource://gre/modules/Sqlite.jsm, line 1030: Error: Sqlite.jsm has been shutdown. Cannot open connection to: /tmp/rust_mozprofile1WJXPS/protections.sqlite
JavaScript error: resource:///modules/FaviconLoader.jsm, line 596: InvalidStateError: JSWindowActorChild.sendAsyncMessage: JSWindowActorChild cannot send at the moment

###!!! [Child][MessageChannel] Error: (msgtype=0x3900D1,name=PContent::Msg_ScriptErrorWithStack) Channel closing: too late to send/recv, messages will be lost


###!!! [Parent][RunMessage] Error: Channel closing: too late to send/recv, messages will be lost

1633386800779	geckodriver	INFO	Listening on 127.0.0.1:42325
1633386801870	mozrunner::runner	INFO	Running command: "/usr/bin/firefox" "--marionette" "-headless" "-foreground" "-no-remote" "-profile" "/tmp/rust_mozprofilejjktCr"
*** You are running in headless mode.
[GFX1-]: glxtest: libpci missing
[GFX1-]: No GPUs detected via PCI
1633386803850	Marionette	INFO	Marionette enabled
[GFX1-]: RenderCompositorSWGL failed mapping default framebuffer, no dt
[GFX1-]: RenderCompositorSWGL failed mapping default framebuffer, no dt
console.warn: SearchSettings: "get: No settings file exists, new profile?" (new NotFoundError("Could not open the file at /tmp/rust_mozprofilejjktCr/search.json.mozlz4", (void 0)))
[GFX1-]: RenderCompositorSWGL failed mapping default framebuffer, no dt
[GFX1-]: RenderCompositorSWGL failed mapping default framebuffer, no dt
[GFX1-]: RenderCompositorSWGL failed mapping default framebuffer, no dt
[GFX1-]: RenderCompositorSWGL failed mapping default framebuffer, no dt
[GFX1-]: RenderCompositorSWGL failed mapping default framebuffer, no dt
[GFX1-]: RenderCompositorSWGL failed mapping default framebuffer, no dt
[GFX1-]: RenderCompositorSWGL failed mapping default framebuffer, no dt
[GFX1-]: RenderCompositorSWGL failed mapping default framebuffer, no dt
1633386810665	Marionette	INFO	Listening on port 38611
[GFX1-]: RenderCompositorSWGL failed mapping default framebuffer, no dt
1633386810837	Marionette	WARN	TLS certificate errors will be ignored for this session
[GFX1-]: RenderCompositorSWGL failed mapping default framebuffer, no dt
[GFX1-]: RenderCompositorSWGL failed mapping default framebuffer, no dt
[GFX1-]: RenderCompositorSWGL failed mapping default framebuffer, no dt
[GFX1-]: RenderCompositorSWGL failed mapping default framebuffer, no dt
[GFX1-]: RenderCompositorSWGL failed mapping default framebuffer, no dt
[GFX1-]: RenderCompositorSWGL failed mapping default framebuffer, no dt
[GFX1-]: RenderCompositorSWGL failed mapping default framebuffer, no dt
[GFX1-]: RenderCompositorSWGL failed mapping default framebuffer, no dt
[GFX1-]: RenderCompositorSWGL failed mapping default framebuffer, no dt
[GFX1-]: RenderCompositorSWGL failed mapping default framebuffer, no dt
[GFX1-]: RenderCompositorSWGL failed mapping default framebuffer, no dt
[GFX1-]: RenderCompositorSWGL failed mapping default framebuffer, no dt
[GFX1-]: RenderCompositorSWGL failed mapping default framebuffer, no dt
[GFX1-]: RenderCompositorSWGL failed mapping default framebuffer, no dt
[GFX1-]: RenderCompositorSWGL failed mapping default framebuffer, no dt
[GFX1-]: RenderCompositorSWGL failed mapping default framebuffer, no dt
[GFX1-]: RenderCompositorSWGL failed mapping default framebuffer, no dt
[GFX1-]: RenderCompositorSWGL failed mapping default framebuffer, no dt
[GFX1-]: RenderCompositorSWGL failed mapping default framebuffer, no dt
[GFX1-]: RenderCompositorSWGL failed mapping default framebuffer, no dt
[GFX1-]: RenderCompositorSWGL failed mapping default framebuffer, no dt
[GFX1-]: RenderCompositorSWGL failed mapping default framebuffer, no dt
[GFX1-]: RenderCompositorSWGL failed mapping default framebuffer, no dt
[GFX1-]: RenderCompositorSWGL failed mapping default framebuffer, no dt
[GFX1-]: RenderCompositorSWGL failed mapping default framebuffer, no dt
[GFX1-]: RenderCompositorSWGL failed mapping default framebuffer, no dt
[GFX1-]: RenderCompositorSWGL failed mapping default framebuffer, no dt
[GFX1-]: RenderCompositorSWGL failed mapping default framebuffer, no dt
[GFX1-]: RenderCompositorSWGL failed mapping default framebuffer, no dt
[GFX1-]: RenderCompositorSWGL failed mapping default framebuffer, no dt
[GFX1-]: RenderCompositorSWGL failed mapping default framebuffer, no dt
[GFX1-]: RenderCompositorSWGL failed mapping default framebuffer, no dt
[GFX1-]: RenderCompositorSWGL failed mapping default framebuffer, no dt
[GFX1-]: RenderCompositorSWGL failed mapping default framebuffer, no dt
[GFX1-]: RenderCompositorSWGL failed mapping default framebuffer, no dt
[GFX1-]: RenderCompositorSWGL failed mapping default framebuffer, no dt
[GFX1-]: RenderCompositorSWGL failed mapping default framebuffer, no dt
[GFX1-]: RenderCompositorSWGL failed mapping default framebuffer, no dt
[GFX1-]: RenderCompositorSWGL failed mapping default framebuffer, no dt
[GFX1-]: RenderCompositorSWGL failed mapping default framebuffer, no dt
[GFX1-]: RenderCompositorSWGL failed mapping default framebuffer, no dt
[GFX1-]: RenderCompositorSWGL failed mapping default framebuffer, no dt
[GFX1-]: RenderCompositorSWGL failed mapping default framebuffer, no dt
[GFX1-]: RenderCompositorSWGL failed mapping default framebuffer, no dt
[GFX1-]: RenderCompositorSWGL failed mapping default framebuffer, no dt
[GFX1-]: RenderCompositorSWGL failed mapping default framebuffer, no dt
[GFX1-]: RenderCompositorSWGL failed mapping default framebuffer, no dt
[GFX1-]: RenderCompositorSWGL failed mapping default framebuffer, no dt
[GFX1-]: RenderCompositorSWGL failed mapping default framebuffer, no dt
[GFX1-]: RenderCompositorSWGL failed mapping default framebuffer, no dt
[GFX1-]: RenderCompositorSWGL failed mapping default framebuffer, no dt
[GFX1-]: RenderCompositorSWGL failed mapping default framebuffer, no dt
[GFX1-]: RenderCompositorSWGL failed mapping default framebuffer, no dt
[GFX1-]: RenderCompositorSWGL failed mapping default framebuffer, no dt
[GFX1-]: RenderCompositorSWGL failed mapping default framebuffer, no dt
[GFX1-]: RenderCompositorSWGL failed mapping default framebuffer, no dt
[GFX1-]: RenderCompositorSWGL failed mapping default framebuffer, no dt
[GFX1-]: RenderCompositorSWGL failed mapping default framebuffer, no dt
[GFX1-]: RenderCompositorSWGL failed mapping default framebuffer, no dt
[GFX1-]: RenderCompositorSWGL failed mapping default framebuffer, no dt
[GFX1-]: RenderCompositorSWGL failed mapping default framebuffer, no dt
[GFX1-]: RenderCompositorSWGL failed mapping default framebuffer, no dt
[GFX1-]: RenderCompositorSWGL failed mapping default framebuffer, no dt
[GFX1-]: RenderCompositorSWGL failed mapping default framebuffer, no dt
[GFX1-]: RenderCompositorSWGL failed mapping default framebuffer, no dt
[GFX1-]: RenderCompositorSWGL failed mapping default framebuffer, no dt
[GFX1-]: RenderCompositorSWGL failed mapping default framebuffer, no dt
[GFX1-]: RenderCompositorSWGL failed mapping default framebuffer, no dt
[GFX1-]: RenderCompositorSWGL failed mapping default framebuffer, no dt
[GFX1-]: RenderCompositorSWGL failed mapping default framebuffer, no dt
[GFX1-]: RenderCompositorSWGL failed mapping default framebuffer, no dt
[GFX1-]: RenderCompositorSWGL failed mapping default framebuffer, no dt
[GFX1-]: RenderCompositorSWGL failed mapping default framebuffer, no dt
[GFX1-]: RenderCompositorSWGL failed mapping default framebuffer, no dt
[GFX1-]: RenderCompositorSWGL failed mapping default framebuffer, no dt
[GFX1-]: RenderCompositorSWGL failed mapping default framebuffer, no dt
[GFX1-]: RenderCompositorSWGL failed mapping default framebuffer, no dt
[GFX1-]: RenderCompositorSWGL failed mapping default framebuffer, no dt
[GFX1-]: RenderCompositorSWGL failed mapping default framebuffer, no dt
[GFX1-]: RenderCompositorSWGL failed mapping default framebuffer, no dt
[GFX1-]: RenderCompositorSWGL failed mapping default framebuffer, no dt
[GFX1-]: RenderCompositorSWGL failed mapping default framebuffer, no dt
[GFX1-]: RenderCompositorSWGL failed mapping default framebuffer, no dt
[GFX1-]: RenderCompositorSWGL failed mapping default framebuffer, no dt
[GFX1-]: RenderCompositorSWGL failed mapping default framebuffer, no dt
[GFX1-]: RenderCompositorSWGL failed mapping default framebuffer, no dt
[GFX1-]: RenderCompositorSWGL failed mapping default framebuffer, no dt
[GFX1-]: RenderCompositorSWGL failed mapping default framebuffer, no dt
[GFX1-]: RenderCompositorSWGL failed mapping default framebuffer, no dt
[GFX1-]: RenderCompositorSWGL failed mapping default framebuffer, no dt
[GFX1-]: RenderCompositorSWGL failed mapping default framebuffer, no dt
[GFX1-]: RenderCompositorSWGL failed mapping default framebuffer, no dt
[GFX1-]: RenderCompositorSWGL failed mapping default framebuffer, no dt
[GFX1-]: RenderCompositorSWGL failed mapping default framebuffer, no dt
[GFX1-]: RenderCompositorSWGL failed mapping default framebuffer, no dt
[GFX1-]: RenderCompositorSWGL failed mapping default framebuffer, no dt
[GFX1-]: RenderCompositorSWGL failed mapping default framebuffer, no dt
[GFX1-]: RenderCompositorSWGL failed mapping default framebuffer, no dt
[GFX1-]: RenderCompositorSWGL failed mapping default framebuffer, no dt
[GFX1-]: RenderCompositorSWGL failed mapping default framebuffer, no dt
[GFX1-]: RenderCompositorSWGL failed mapping default framebuffer, no dt
[GFX1-]: RenderCompositorSWGL failed mapping default framebuffer, no dt
[GFX1-]: RenderCompositorSWGL failed mapping default framebuffer, no dt
[GFX1-]: RenderCompositorSWGL failed mapping default framebuffer, no dt
[GFX1-]: RenderCompositorSWGL failed mapping default framebuffer, no dt
[GFX1-]: RenderCompositorSWGL failed mapping default framebuffer, no dt
[GFX1-]: RenderCompositorSWGL failed mapping default framebuffer, no dt
[GFX1-]: RenderCompositorSWGL failed mapping default framebuffer, no dt
[GFX1-]: RenderCompositorSWGL failed mapping default framebuffer, no dt
[GFX1-]: RenderCompositorSWGL failed mapping default framebuffer, no dt
[GFX1-]: RenderCompositorSWGL failed mapping default framebuffer, no dt
[GFX1-]: RenderCompositorSWGL failed mapping default framebuffer, no dt
[GFX1-]: RenderCompositorSWGL failed mapping default framebuffer, no dt
[GFX1-]: RenderCompositorSWGL failed mapping default framebuffer, no dt
[GFX1-]: RenderCompositorSWGL failed mapping default framebuffer, no dt
[GFX1-]: RenderCompositorSWGL failed mapping default framebuffer, no dt
[GFX1-]: RenderCompositorSWGL failed mapping default framebuffer, no dt
[GFX1-]: RenderCompositorSWGL failed mapping default framebuffer, no dt
[GFX1-]: RenderCompositorSWGL failed mapping default framebuffer, no dt
[GFX1-]: RenderCompositorSWGL failed mapping default framebuffer, no dt
[GFX1-]: RenderCompositorSWGL failed mapping default framebuffer, no dt
[GFX1-]: RenderCompositorSWGL failed mapping default framebuffer, no dt
JavaScript warning: https://neoxscans.net/wp-content/litespeed/js/27048c83875f534497ea81c5a8e7c1db.js?ver=f78a5, line 53: unreachable code after return statement
[GFX1-]: RenderCompositorSWGL failed mapping default framebuffer, no dt
[GFX1-]: RenderCompositorSWGL failed mapping default framebuffer, no dt
[GFX1-]: RenderCompositorSWGL failed mapping default framebuffer, no dt
[GFX1-]: RenderCompositorSWGL failed mapping default framebuffer, no dt
[GFX1-]: RenderCompositorSWGL failed mapping default framebuffer, no dt
[GFX1-]: RenderCompositorSWGL failed mapping default framebuffer, no dt
[GFX1-]: RenderCompositorSWGL failed mapping default framebuffer, no dt
[GFX1-]: RenderCompositorSWGL failed mapping default framebuffer, no dt
[GFX1-]: RenderCompositorSWGL failed mapping default framebuffer, no dt
[GFX1-]: RenderCompositorSWGL failed mapping default framebuffer, no dt
[GFX1-]: RenderCompositorSWGL failed mapping default framebuffer, no dt
[GFX1-]: RenderCompositorSWGL failed mapping default framebuffer, no dt
[GFX1-]: RenderCompositorSWGL failed mapping default framebuffer, no dt
[GFX1-]: RenderCompositorSWGL failed mapping default framebuffer, no dt
[GFX1-]: RenderCompositorSWGL failed mapping default framebuffer, no dt
[GFX1-]: RenderCompositorSWGL failed mapping default framebuffer, no dt
[GFX1-]: RenderCompositorSWGL failed mapping default framebuffer, no dt
[GFX1-]: RenderCompositorSWGL failed mapping default framebuffer, no dt
[GFX1-]: RenderCompositorSWGL failed mapping default framebuffer, no dt
[GFX1-]: RenderCompositorSWGL failed mapping default framebuffer, no dt
[GFX1-]: RenderCompositorSWGL failed mapping default framebuffer, no dt
[GFX1-]: RenderCompositorSWGL failed mapping default framebuffer, no dt
JavaScript error: https://pagead2.googlesyndication.com/pagead/js/adsbygoogle.js?client=ca-pub-3721870945499336, line 68: uncaught exception: TagError: adsbygoogle.push() error: Only one AdSense head tag supported per page. The second tag is ignored.
[GFX1-]: RenderCompositorSWGL failed mapping default framebuffer, no dt
[GFX1-]: RenderCompositorSWGL failed mapping default framebuffer, no dt
[GFX1-]: RenderCompositorSWGL failed mapping default framebuffer, no dt
[GFX1-]: RenderCompositorSWGL failed mapping default framebuffer, no dt
1633386817217	Marionette	INFO	Stopped listening on port 38611
[GFX1-]: RenderCompositorSWGL failed mapping default framebuffer, no dt
[GFX1-]: RenderCompositorSWGL failed mapping default framebuffer, no dt
[GFX1-]: RenderCompositorSWGL failed mapping default framebuffer, no dt
[GFX1-]: RenderCompositorSWGL failed mapping default framebuffer, no dt
[GFX1-]: RenderCompositorSWGL failed mapping default framebuffer, no dt
[GFX1-]: RenderCompositorSWGL failed mapping default framebuffer, no dt
[GFX1-]: RenderCompositorSWGL failed mapping default framebuffer, no dt
[GFX1-]: RenderCompositorSWGL failed mapping default framebuffer, no dt
JavaScript error: resource:///modules/FaviconLoader.jsm, line 596: InvalidStateError: JSWindowActorChild.sendAsyncMessage: JSWindowActorChild cannot send at the moment
JavaScript error: resource:///modules/FaviconLoader.jsm, line 596: InvalidStateError: JSWindowActorChild.sendAsyncMessage: JSWindowActorChild cannot send at the moment
[GFX1-]: RenderCompositorSWGL failed mapping default framebuffer, no dt
JavaScript error: resource://gre/modules/Sqlite.jsm, line 1030: Error: Sqlite.jsm has been shutdown. Cannot open connection to: /tmp/rust_mozprofilejjktCr/protections.sqlite
